<?xml version="1.0" encoding="UTF-8"?>
<coverage generated="1634894931844" clover="3.2.0">
  <project timestamp="1634894931845" name="All files">
    <metrics statements="113" coveredstatements="110" conditionals="73" coveredconditionals="65" methods="42" coveredmethods="40" elements="228" coveredelements="215" complexity="0" loc="113" ncloc="113" packages="2" files="4" classes="4"/>
    <package name="wisedrive node algorithm">
      <metrics statements="49" coveredstatements="49" conditionals="22" coveredconditionals="22" methods="18" coveredmethods="18"/>
      <file name="convertCsvToJson.ts" path="/Users/decagon/Desktop/wisedrive node algorithm/convertCsvToJson.ts">
        <metrics statements="21" coveredstatements="21" conditionals="8" coveredconditionals="8" methods="8" coveredmethods="8"/>
        <line num="1" count="2" type="stmt"/>
        <line num="15" count="2" type="stmt"/>
        <line num="17" count="40" type="stmt"/>
        <line num="19" count="40" type="stmt"/>
        <line num="22" count="3022" type="stmt"/>
        <line num="24" count="182" type="stmt"/>
        <line num="25" count="40" type="stmt"/>
        <line num="26" count="3022" type="cond" truecount="2" falsecount="0"/>
        <line num="27" count="154" type="stmt"/>
        <line num="28" count="154" type="stmt"/>
        <line num="29" count="462" type="cond" truecount="2" falsecount="0"/>
        <line num="30" count="462" type="cond" truecount="2" falsecount="0"/>
        <line num="32" count="462" type="stmt"/>
        <line num="34" count="154" type="stmt"/>
        <line num="35" count="462" type="cond" truecount="2" falsecount="0"/>
        <line num="38" count="154" type="stmt"/>
        <line num="40" count="2868" type="stmt"/>
        <line num="44" count="40" type="stmt"/>
        <line num="45" count="2982" type="stmt"/>
        <line num="46" count="14370" type="stmt"/>
        <line num="51" count="40" type="stmt"/>
      </file>
      <file name="searchFn.ts" path="/Users/decagon/Desktop/wisedrive node algorithm/searchFn.ts">
        <metrics statements="28" coveredstatements="28" conditionals="14" coveredconditionals="14" methods="10" coveredmethods="10"/>
        <line num="1" count="2" type="stmt"/>
        <line num="3" count="2" type="cond" truecount="2" falsecount="0"/>
        <line num="5" count="22" type="stmt"/>
        <line num="8" count="22" type="cond" truecount="1" falsecount="0"/>
        <line num="9" count="10" type="stmt"/>
        <line num="17" count="10" type="stmt"/>
        <line num="18" count="10" type="stmt"/>
        <line num="19" count="10" type="cond" truecount="3" falsecount="0"/>
        <line num="20" count="4" type="stmt"/>
        <line num="23" count="6" type="stmt"/>
        <line num="25" count="666" type="cond" truecount="2" falsecount="0"/>
        <line num="30" count="18" type="stmt"/>
        <line num="31" count="18" type="cond" truecount="2" falsecount="0"/>
        <line num="32" count="10" type="stmt"/>
        <line num="33" count="550" type="stmt"/>
        <line num="41" count="8" type="stmt"/>
        <line num="42" count="888" type="stmt"/>
        <line num="49" count="540" type="stmt"/>
        <line num="56" count="18" type="stmt"/>
        <line num="57" count="8" type="stmt"/>
        <line num="58" count="216" type="stmt"/>
        <line num="60" count="432" type="cond" truecount="2" falsecount="0"/>
        <line num="61" count="216" type="stmt"/>
        <line num="63" count="216" type="stmt"/>
        <line num="71" count="216" type="stmt"/>
        <line num="76" count="18" type="stmt"/>
        <line num="77" count="8" type="stmt"/>
        <line num="82" count="8" type="stmt"/>
      </file>
    </package>
    <package name="wisedrive node algorithm.dist">
      <metrics statements="64" coveredstatements="61" conditionals="51" coveredconditionals="43" methods="24" coveredmethods="22"/>
      <file name="convertCsvToJson.js" path="/Users/decagon/Desktop/wisedrive node algorithm/dist/convertCsvToJson.js">
        <metrics statements="36" coveredstatements="33" conditionals="35" coveredconditionals="27" methods="14" coveredmethods="12"/>
        <line num="2" count="1" type="cond" truecount="4" falsecount="1"/>
        <line num="3" count="99" type="cond" truecount="1" falsecount="1"/>
        <line num="4" count="99" type="stmt"/>
        <line num="6" count="0" type="cond" truecount="0" falsecount="2"/>
        <line num="7" count="0" type="stmt"/>
        <line num="9" count="1" type="cond" truecount="4" falsecount="1"/>
        <line num="10" count="1" type="stmt"/>
        <line num="12" count="0" type="stmt"/>
        <line num="14" count="1" type="cond" truecount="3" falsecount="0"/>
        <line num="15" count="1" type="cond" truecount="3" falsecount="1"/>
        <line num="16" count="1" type="stmt"/>
        <line num="17" count="99" type="cond" truecount="4" falsecount="2"/>
        <line num="18" count="1" type="stmt"/>
        <line num="19" count="1" type="stmt"/>
        <line num="21" count="1" type="stmt"/>
        <line num="22" count="1" type="stmt"/>
        <line num="23" count="1" type="stmt"/>
        <line num="27" count="20" type="stmt"/>
        <line num="29" count="20" type="stmt"/>
        <line num="32" count="1511" type="stmt"/>
        <line num="34" count="91" type="stmt"/>
        <line num="35" count="20" type="stmt"/>
        <line num="36" count="1511" type="cond" truecount="2" falsecount="0"/>
        <line num="37" count="77" type="stmt"/>
        <line num="38" count="77" type="stmt"/>
        <line num="39" count="231" type="cond" truecount="2" falsecount="0"/>
        <line num="40" count="231" type="cond" truecount="2" falsecount="0"/>
        <line num="41" count="231" type="stmt"/>
        <line num="43" count="77" type="stmt"/>
        <line num="44" count="231" type="cond" truecount="2" falsecount="0"/>
        <line num="46" count="77" type="stmt"/>
        <line num="49" count="1434" type="stmt"/>
        <line num="52" count="20" type="stmt"/>
        <line num="53" count="7185" type="stmt"/>
        <line num="55" count="20" type="stmt"/>
        <line num="57" count="1" type="stmt"/>
      </file>
      <file name="searchFn.js" path="/Users/decagon/Desktop/wisedrive node algorithm/dist/searchFn.js">
        <metrics statements="28" coveredstatements="28" conditionals="16" coveredconditionals="16" methods="10" coveredmethods="10"/>
        <line num="2" count="1" type="stmt"/>
        <line num="3" count="1" type="stmt"/>
        <line num="6" count="11" type="stmt"/>
        <line num="9" count="11" type="cond" truecount="2" falsecount="0"/>
        <line num="10" count="5" type="stmt"/>
        <line num="15" count="5" type="stmt"/>
        <line num="16" count="5" type="stmt"/>
        <line num="17" count="5" type="cond" truecount="4" falsecount="0"/>
        <line num="18" count="2" type="stmt"/>
        <line num="21" count="333" type="cond" truecount="2" falsecount="0"/>
        <line num="24" count="9" type="stmt"/>
        <line num="25" count="9" type="cond" truecount="2" falsecount="0"/>
        <line num="26" count="5" type="stmt"/>
        <line num="27" count="275" type="cond" truecount="2" falsecount="0"/>
        <line num="34" count="4" type="stmt"/>
        <line num="35" count="444" type="stmt"/>
        <line num="39" count="270" type="stmt"/>
        <line num="45" count="9" type="stmt"/>
        <line num="46" count="4" type="stmt"/>
        <line num="47" count="108" type="stmt"/>
        <line num="49" count="216" type="cond" truecount="2" falsecount="0"/>
        <line num="50" count="108" type="stmt"/>
        <line num="51" count="108" type="stmt"/>
        <line num="56" count="108" type="stmt"/>
        <line num="60" count="9" type="stmt"/>
        <line num="61" count="4" type="stmt"/>
        <line num="66" count="4" type="stmt"/>
        <line num="69" count="1" type="stmt"/>
      </file>
    </package>
  </project>
</coverage>
