<?xml version="1.0" encoding="UTF-8"?>
<coverage generated="1634898940019" clover="3.2.0">
  <project timestamp="1634898940020" name="All files">
    <metrics statements="49" coveredstatements="49" conditionals="22" coveredconditionals="22" methods="18" coveredmethods="18" elements="89" coveredelements="89" complexity="0" loc="49" ncloc="49" packages="1" files="2" classes="2"/>
    <file name="convertCsvToJson.ts" path="/Users/decagon/Desktop/wisedrive node algorithm/src/convertCsvToJson.ts">
      <metrics statements="21" coveredstatements="21" conditionals="8" coveredconditionals="8" methods="8" coveredmethods="8"/>
      <line num="1" count="1" type="stmt"/>
      <line num="15" count="1" type="stmt"/>
      <line num="17" count="20" type="stmt"/>
      <line num="19" count="20" type="stmt"/>
      <line num="22" count="1511" type="stmt"/>
      <line num="24" count="91" type="stmt"/>
      <line num="25" count="20" type="stmt"/>
      <line num="26" count="1511" type="cond" truecount="2" falsecount="0"/>
      <line num="27" count="77" type="stmt"/>
      <line num="28" count="77" type="stmt"/>
      <line num="29" count="231" type="cond" truecount="2" falsecount="0"/>
      <line num="30" count="231" type="cond" truecount="2" falsecount="0"/>
      <line num="32" count="231" type="stmt"/>
      <line num="34" count="77" type="stmt"/>
      <line num="35" count="231" type="cond" truecount="2" falsecount="0"/>
      <line num="38" count="77" type="stmt"/>
      <line num="40" count="1434" type="stmt"/>
      <line num="44" count="20" type="stmt"/>
      <line num="45" count="1491" type="stmt"/>
      <line num="46" count="7185" type="stmt"/>
      <line num="51" count="20" type="stmt"/>
    </file>
    <file name="searchFn.ts" path="/Users/decagon/Desktop/wisedrive node algorithm/src/searchFn.ts">
      <metrics statements="28" coveredstatements="28" conditionals="14" coveredconditionals="14" methods="10" coveredmethods="10"/>
      <line num="1" count="1" type="stmt"/>
      <line num="3" count="1" type="cond" truecount="2" falsecount="0"/>
      <line num="5" count="11" type="stmt"/>
      <line num="8" count="11" type="cond" truecount="1" falsecount="0"/>
      <line num="9" count="5" type="stmt"/>
      <line num="17" count="5" type="stmt"/>
      <line num="18" count="5" type="stmt"/>
      <line num="19" count="5" type="cond" truecount="3" falsecount="0"/>
      <line num="20" count="2" type="stmt"/>
      <line num="23" count="3" type="stmt"/>
      <line num="25" count="333" type="cond" truecount="2" falsecount="0"/>
      <line num="30" count="9" type="stmt"/>
      <line num="31" count="9" type="cond" truecount="2" falsecount="0"/>
      <line num="32" count="5" type="stmt"/>
      <line num="33" count="275" type="stmt"/>
      <line num="41" count="4" type="stmt"/>
      <line num="42" count="444" type="stmt"/>
      <line num="49" count="270" type="stmt"/>
      <line num="56" count="9" type="stmt"/>
      <line num="57" count="4" type="stmt"/>
      <line num="58" count="108" type="stmt"/>
      <line num="60" count="216" type="cond" truecount="2" falsecount="0"/>
      <line num="61" count="108" type="stmt"/>
      <line num="63" count="108" type="stmt"/>
      <line num="71" count="108" type="stmt"/>
      <line num="76" count="9" type="stmt"/>
      <line num="77" count="4" type="stmt"/>
      <line num="82" count="4" type="stmt"/>
    </file>
  </project>
</coverage>
