{"/Users/decagon/Desktop/wisedrive node algorithm/src/convertCsvToJson.ts": {"path":"/Users/decagon/Desktop/wisedrive node algorithm/src/convertCsvToJson.ts","statementMap":{"0":{"start":{"line":1,"column":0},"end":{"line":1,"column":25}},"1":{"start":{"line":17,"column":18},"end":{"line":17,"column":52}},"2":{"start":{"line":19,"column":16},"end":{"line":22,"column":27}},"3":{"start":{"line":22,"column":22},"end":{"line":22,"column":26}},"4":{"start":{"line":24,"column":17},"end":{"line":24,"column":67}},"5":{"start":{"line":24,"column":53},"end":{"line":24,"column":66}},"6":{"start":{"line":25,"column":25},"end":{"line":42,"column":4}},"7":{"start":{"line":26,"column":4},"end":{"line":41,"column":null}},"8":{"start":{"line":27,"column":20},"end":{"line":27,"column":35}},"9":{"start":{"line":28,"column":6},"end":{"line":33,"column":9}},"10":{"start":{"line":29,"column":18},"end":{"line":29,"column":55}},"11":{"start":{"line":30,"column":8},"end":{"line":30,"column":72}},"12":{"start":{"line":32,"column":8},"end":{"line":32,"column":26}},"13":{"start":{"line":34,"column":16},"end":{"line":36,"column":15}},"14":{"start":{"line":35,"column":24},"end":{"line":35,"column":67}},"15":{"start":{"line":38,"column":6},"end":{"line":38,"column":17}},"16":{"start":{"line":40,"column":6},"end":{"line":40,"column":36}},"17":{"start":{"line":44,"column":18},"end":{"line":49,"column":4}},"18":{"start":{"line":45,"column":4},"end":{"line":48,"column":6}},"19":{"start":{"line":46,"column":36},"end":{"line":46,"column":76}},"20":{"start":{"line":51,"column":2},"end":{"line":51,"column":36}},"21":{"start":{"line":15,"column":0},"end":{"line":15,"column":16}}},"fnMap":{"0":{"name":"convertCsvToJson","decl":{"start":{"line":15,"column":16},"end":{"line":15,"column":32}},"loc":{"start":{"line":15,"column":49},"end":{"line":52,"column":1}}},"1":{"name":"(anonymous_7)","decl":{"start":{"line":22,"column":12},"end":{"line":22,"column":13}},"loc":{"start":{"line":22,"column":22},"end":{"line":22,"column":26}}},"2":{"name":"(anonymous_8)","decl":{"start":{"line":24,"column":41},"end":{"line":24,"column":42}},"loc":{"start":{"line":24,"column":53},"end":{"line":24,"column":66}}},"3":{"name":"(anonymous_9)","decl":{"start":{"line":25,"column":35},"end":{"line":25,"column":36}},"loc":{"start":{"line":25,"column":44},"end":{"line":42,"column":3}}},"4":{"name":"(anonymous_10)","decl":{"start":{"line":28,"column":28},"end":{"line":28,"column":29}},"loc":{"start":{"line":28,"column":37},"end":{"line":33,"column":7}}},"5":{"name":"(anonymous_11)","decl":{"start":{"line":35,"column":13},"end":{"line":35,"column":14}},"loc":{"start":{"line":35,"column":24},"end":{"line":35,"column":67}}},"6":{"name":"(anonymous_12)","decl":{"start":{"line":44,"column":46},"end":{"line":44,"column":47}},"loc":{"start":{"line":44,"column":57},"end":{"line":49,"column":3}}},"7":{"name":"(anonymous_13)","decl":{"start":{"line":46,"column":6},"end":{"line":46,"column":7}},"loc":{"start":{"line":46,"column":36},"end":{"line":46,"column":76}}}},"branchMap":{"0":{"loc":{"start":{"line":26,"column":4},"end":{"line":41,"column":null}},"type":"if","locations":[{"start":{"line":26,"column":4},"end":{"line":41,"column":null}},{"start":{"line":39,"column":11},"end":{"line":41,"column":null}}]},"1":{"loc":{"start":{"line":29,"column":18},"end":{"line":29,"column":55}},"type":"cond-expr","locations":[{"start":{"line":29,"column":35},"end":{"line":29,"column":48}},{"start":{"line":29,"column":51},"end":{"line":29,"column":55}}]},"2":{"loc":{"start":{"line":30,"column":14},"end":{"line":30,"column":71}},"type":"cond-expr","locations":[{"start":{"line":30,"column":37},"end":{"line":30,"column":65}},{"start":{"line":30,"column":68},"end":{"line":30,"column":71}}]},"3":{"loc":{"start":{"line":35,"column":24},"end":{"line":35,"column":67}},"type":"cond-expr","locations":[{"start":{"line":35,"column":45},"end":{"line":35,"column":49}},{"start":{"line":35,"column":52},"end":{"line":35,"column":67}}]}},"s":{"0":1,"1":20,"2":20,"3":1511,"4":20,"5":91,"6":20,"7":1511,"8":77,"9":77,"10":231,"11":231,"12":231,"13":77,"14":231,"15":77,"16":1434,"17":20,"18":1491,"19":7185,"20":20,"21":1},"f":{"0":20,"1":1511,"2":91,"3":1511,"4":231,"5":231,"6":1491,"7":7185},"b":{"0":[77,1434],"1":[77,154],"2":[77,154],"3":[77,154]}}
,"/Users/decagon/Desktop/wisedrive node algorithm/src/searchFn.ts": {"path":"/Users/decagon/Desktop/wisedrive node algorithm/src/searchFn.ts","statementMap":{"0":{"start":{"line":1,"column":0},"end":{"line":1,"column":54}},"1":{"start":{"line":5,"column":21},"end":{"line":5,"column":58}},"2":{"start":{"line":8,"column":2},"end":{"line":28,"column":null}},"3":{"start":{"line":9,"column":4},"end":{"line":14,"column":6}},"4":{"start":{"line":17,"column":16},"end":{"line":17,"column":32}},"5":{"start":{"line":18,"column":4},"end":{"line":18,"column":10}},"6":{"start":{"line":19,"column":4},"end":{"line":21,"column":null}},"7":{"start":{"line":20,"column":6},"end":{"line":20,"column":28}},"8":{"start":{"line":23,"column":4},"end":{"line":27,"column":6}},"9":{"start":{"line":25,"column":8},"end":{"line":26,"column":46}},"10":{"start":{"line":30,"column":14},"end":{"line":30,"column":16}},"11":{"start":{"line":31,"column":2},"end":{"line":47,"column":null}},"12":{"start":{"line":32,"column":4},"end":{"line":39,"column":7}},"13":{"start":{"line":33,"column":6},"end":{"line":38,"column":8}},"14":{"start":{"line":41,"column":4},"end":{"line":46,"column":7}},"15":{"start":{"line":42,"column":6},"end":{"line":45,"column":8}},"16":{"start":{"line":49,"column":20},"end":{"line":53,"column":5}},"17":{"start":{"line":49,"column":75},"end":{"line":53,"column":4}},"18":{"start":{"line":56,"column":2},"end":{"line":73,"column":5}},"19":{"start":{"line":57,"column":4},"end":{"line":72,"column":7}},"20":{"start":{"line":58,"column":23},"end":{"line":61,"column":55}},"21":{"start":{"line":60,"column":26},"end":{"line":60,"column":68}},"22":{"start":{"line":61,"column":25},"end":{"line":61,"column":54}},"23":{"start":{"line":63,"column":25},"end":{"line":68,"column":null}},"24":{"start":{"line":71,"column":6},"end":{"line":71,"column":24}},"25":{"start":{"line":76,"column":2},"end":{"line":83,"column":5}},"26":{"start":{"line":77,"column":17},"end":{"line":81,"column":6}},"27":{"start":{"line":82,"column":4},"end":{"line":82,"column":18}},"28":{"start":{"line":3,"column":0},"end":{"line":3,"column":24}}},"fnMap":{"0":{"name":"searchFn","decl":{"start":{"line":3,"column":24},"end":{"line":3,"column":32}},"loc":{"start":{"line":3,"column":68},"end":{"line":84,"column":1}}},"1":{"name":"(anonymous_1)","decl":{"start":{"line":24,"column":6},"end":{"line":24,"column":7}},"loc":{"start":{"line":25,"column":8},"end":{"line":26,"column":46}}},"2":{"name":"(anonymous_2)","decl":{"start":{"line":32,"column":32},"end":{"line":32,"column":33}},"loc":{"start":{"line":32,"column":71},"end":{"line":39,"column":5}}},"3":{"name":"(anonymous_3)","decl":{"start":{"line":41,"column":32},"end":{"line":41,"column":33}},"loc":{"start":{"line":41,"column":71},"end":{"line":46,"column":5}}},"4":{"name":"(anonymous_4)","decl":{"start":{"line":49,"column":61},"end":{"line":49,"column":62}},"loc":{"start":{"line":49,"column":75},"end":{"line":53,"column":4}}},"5":{"name":"(anonymous_5)","decl":{"start":{"line":56,"column":23},"end":{"line":56,"column":24}},"loc":{"start":{"line":56,"column":35},"end":{"line":73,"column":3}}},"6":{"name":"(anonymous_6)","decl":{"start":{"line":57,"column":26},"end":{"line":57,"column":27}},"loc":{"start":{"line":57,"column":39},"end":{"line":72,"column":5}}},"7":{"name":"(anonymous_7)","decl":{"start":{"line":60,"column":16},"end":{"line":60,"column":17}},"loc":{"start":{"line":60,"column":26},"end":{"line":60,"column":68}}},"8":{"name":"(anonymous_8)","decl":{"start":{"line":61,"column":15},"end":{"line":61,"column":16}},"loc":{"start":{"line":61,"column":25},"end":{"line":61,"column":54}}},"9":{"name":"(anonymous_9)","decl":{"start":{"line":76,"column":19},"end":{"line":76,"column":20}},"loc":{"start":{"line":76,"column":27},"end":{"line":83,"column":3}}}},"branchMap":{"0":{"loc":{"start":{"line":3,"column":47},"end":{"line":3,"column":57}},"type":"default-arg","locations":[{"start":{"line":3,"column":55},"end":{"line":3,"column":57}}]},"1":{"loc":{"start":{"line":3,"column":59},"end":{"line":3,"column":68}},"type":"default-arg","locations":[{"start":{"line":3,"column":66},"end":{"line":3,"column":68}}]},"2":{"loc":{"start":{"line":8,"column":2},"end":{"line":28,"column":null}},"type":"if","locations":[{"start":{"line":8,"column":2},"end":{"line":28,"column":null}}]},"3":{"loc":{"start":{"line":19,"column":4},"end":{"line":21,"column":null}},"type":"if","locations":[{"start":{"line":19,"column":4},"end":{"line":21,"column":null}}]},"4":{"loc":{"start":{"line":19,"column":8},"end":{"line":19,"column":31}},"type":"binary-expr","locations":[{"start":{"line":19,"column":8},"end":{"line":19,"column":18}},{"start":{"line":19,"column":22},"end":{"line":19,"column":31}}]},"5":{"loc":{"start":{"line":25,"column":8},"end":{"line":26,"column":46}},"type":"binary-expr","locations":[{"start":{"line":25,"column":8},"end":{"line":25,"column":48}},{"start":{"line":26,"column":8},"end":{"line":26,"column":46}}]},"6":{"loc":{"start":{"line":31,"column":2},"end":{"line":47,"column":null}},"type":"if","locations":[{"start":{"line":31,"column":2},"end":{"line":47,"column":null}},{"start":{"line":40,"column":9},"end":{"line":47,"column":null}}]},"7":{"loc":{"start":{"line":34,"column":8},"end":{"line":37,"column":49}},"type":"binary-expr","locations":[{"start":{"line":34,"column":8},"end":{"line":35,"column":48}},{"start":{"line":36,"column":8},"end":{"line":37,"column":49}}]},"8":{"loc":{"start":{"line":60,"column":26},"end":{"line":60,"column":68}},"type":"binary-expr","locations":[{"start":{"line":60,"column":26},"end":{"line":60,"column":45}},{"start":{"line":60,"column":49},"end":{"line":60,"column":68}}]}},"s":{"0":1,"1":11,"2":11,"3":5,"4":5,"5":5,"6":5,"7":2,"8":3,"9":333,"10":9,"11":9,"12":5,"13":275,"14":4,"15":444,"16":9,"17":270,"18":9,"19":4,"20":108,"21":216,"22":108,"23":108,"24":108,"25":9,"26":4,"27":4,"28":1},"f":{"0":11,"1":333,"2":275,"3":444,"4":270,"5":4,"6":108,"7":216,"8":108,"9":4},"b":{"0":[4],"1":[6],"2":[5],"3":[2],"4":[5,4],"5":[333,125],"6":[5,4],"7":[275,5],"8":[216,108]}}
}
