{"/Users/decagon/Desktop/wisedrive node algorithm/convertCsvToJson.ts": {"path":"/Users/decagon/Desktop/wisedrive node algorithm/convertCsvToJson.ts","statementMap":{"0":{"start":{"line":1,"column":0},"end":{"line":1,"column":25}},"1":{"start":{"line":17,"column":18},"end":{"line":17,"column":52}},"2":{"start":{"line":19,"column":16},"end":{"line":22,"column":27}},"3":{"start":{"line":22,"column":22},"end":{"line":22,"column":26}},"4":{"start":{"line":24,"column":17},"end":{"line":24,"column":67}},"5":{"start":{"line":24,"column":53},"end":{"line":24,"column":66}},"6":{"start":{"line":25,"column":25},"end":{"line":42,"column":4}},"7":{"start":{"line":26,"column":4},"end":{"line":41,"column":null}},"8":{"start":{"line":27,"column":20},"end":{"line":27,"column":35}},"9":{"start":{"line":28,"column":6},"end":{"line":33,"column":9}},"10":{"start":{"line":29,"column":18},"end":{"line":29,"column":55}},"11":{"start":{"line":30,"column":8},"end":{"line":30,"column":72}},"12":{"start":{"line":32,"column":8},"end":{"line":32,"column":26}},"13":{"start":{"line":34,"column":16},"end":{"line":36,"column":15}},"14":{"start":{"line":35,"column":24},"end":{"line":35,"column":67}},"15":{"start":{"line":38,"column":6},"end":{"line":38,"column":17}},"16":{"start":{"line":40,"column":6},"end":{"line":40,"column":36}},"17":{"start":{"line":44,"column":18},"end":{"line":49,"column":4}},"18":{"start":{"line":45,"column":4},"end":{"line":48,"column":6}},"19":{"start":{"line":46,"column":36},"end":{"line":46,"column":76}},"20":{"start":{"line":51,"column":2},"end":{"line":51,"column":36}},"21":{"start":{"line":15,"column":0},"end":{"line":15,"column":16}}},"fnMap":{"0":{"name":"convertCsvToJson","decl":{"start":{"line":15,"column":16},"end":{"line":15,"column":32}},"loc":{"start":{"line":15,"column":49},"end":{"line":52,"column":1}}},"1":{"name":"(anonymous_7)","decl":{"start":{"line":22,"column":12},"end":{"line":22,"column":13}},"loc":{"start":{"line":22,"column":22},"end":{"line":22,"column":26}}},"2":{"name":"(anonymous_8)","decl":{"start":{"line":24,"column":41},"end":{"line":24,"column":42}},"loc":{"start":{"line":24,"column":53},"end":{"line":24,"column":66}}},"3":{"name":"(anonymous_9)","decl":{"start":{"line":25,"column":35},"end":{"line":25,"column":36}},"loc":{"start":{"line":25,"column":44},"end":{"line":42,"column":3}}},"4":{"name":"(anonymous_10)","decl":{"start":{"line":28,"column":28},"end":{"line":28,"column":29}},"loc":{"start":{"line":28,"column":37},"end":{"line":33,"column":7}}},"5":{"name":"(anonymous_11)","decl":{"start":{"line":35,"column":13},"end":{"line":35,"column":14}},"loc":{"start":{"line":35,"column":24},"end":{"line":35,"column":67}}},"6":{"name":"(anonymous_12)","decl":{"start":{"line":44,"column":46},"end":{"line":44,"column":47}},"loc":{"start":{"line":44,"column":57},"end":{"line":49,"column":3}}},"7":{"name":"(anonymous_13)","decl":{"start":{"line":46,"column":6},"end":{"line":46,"column":7}},"loc":{"start":{"line":46,"column":36},"end":{"line":46,"column":76}}}},"branchMap":{"0":{"loc":{"start":{"line":26,"column":4},"end":{"line":41,"column":null}},"type":"if","locations":[{"start":{"line":26,"column":4},"end":{"line":41,"column":null}},{"start":{"line":39,"column":11},"end":{"line":41,"column":null}}]},"1":{"loc":{"start":{"line":29,"column":18},"end":{"line":29,"column":55}},"type":"cond-expr","locations":[{"start":{"line":29,"column":35},"end":{"line":29,"column":48}},{"start":{"line":29,"column":51},"end":{"line":29,"column":55}}]},"2":{"loc":{"start":{"line":30,"column":14},"end":{"line":30,"column":71}},"type":"cond-expr","locations":[{"start":{"line":30,"column":37},"end":{"line":30,"column":65}},{"start":{"line":30,"column":68},"end":{"line":30,"column":71}}]},"3":{"loc":{"start":{"line":35,"column":24},"end":{"line":35,"column":67}},"type":"cond-expr","locations":[{"start":{"line":35,"column":45},"end":{"line":35,"column":49}},{"start":{"line":35,"column":52},"end":{"line":35,"column":67}}]}},"s":{"0":2,"1":40,"2":40,"3":3022,"4":40,"5":182,"6":40,"7":3022,"8":154,"9":154,"10":462,"11":462,"12":462,"13":154,"14":462,"15":154,"16":2868,"17":40,"18":2982,"19":14370,"20":40,"21":2},"f":{"0":40,"1":3022,"2":182,"3":3022,"4":462,"5":462,"6":2982,"7":14370},"b":{"0":[154,2868],"1":[154,308],"2":[154,308],"3":[154,308]}}
,"/Users/decagon/Desktop/wisedrive node algorithm/searchFn.ts": {"path":"/Users/decagon/Desktop/wisedrive node algorithm/searchFn.ts","statementMap":{"0":{"start":{"line":1,"column":0},"end":{"line":1,"column":54}},"1":{"start":{"line":5,"column":21},"end":{"line":5,"column":58}},"2":{"start":{"line":8,"column":2},"end":{"line":28,"column":null}},"3":{"start":{"line":9,"column":4},"end":{"line":14,"column":6}},"4":{"start":{"line":17,"column":16},"end":{"line":17,"column":32}},"5":{"start":{"line":18,"column":4},"end":{"line":18,"column":10}},"6":{"start":{"line":19,"column":4},"end":{"line":21,"column":null}},"7":{"start":{"line":20,"column":6},"end":{"line":20,"column":28}},"8":{"start":{"line":23,"column":4},"end":{"line":27,"column":6}},"9":{"start":{"line":25,"column":8},"end":{"line":26,"column":46}},"10":{"start":{"line":30,"column":14},"end":{"line":30,"column":16}},"11":{"start":{"line":31,"column":2},"end":{"line":47,"column":null}},"12":{"start":{"line":32,"column":4},"end":{"line":39,"column":7}},"13":{"start":{"line":33,"column":6},"end":{"line":38,"column":8}},"14":{"start":{"line":41,"column":4},"end":{"line":46,"column":7}},"15":{"start":{"line":42,"column":6},"end":{"line":45,"column":8}},"16":{"start":{"line":49,"column":20},"end":{"line":53,"column":5}},"17":{"start":{"line":49,"column":75},"end":{"line":53,"column":4}},"18":{"start":{"line":56,"column":2},"end":{"line":73,"column":5}},"19":{"start":{"line":57,"column":4},"end":{"line":72,"column":7}},"20":{"start":{"line":58,"column":23},"end":{"line":61,"column":55}},"21":{"start":{"line":60,"column":26},"end":{"line":60,"column":68}},"22":{"start":{"line":61,"column":25},"end":{"line":61,"column":54}},"23":{"start":{"line":63,"column":25},"end":{"line":68,"column":null}},"24":{"start":{"line":71,"column":6},"end":{"line":71,"column":24}},"25":{"start":{"line":76,"column":2},"end":{"line":83,"column":5}},"26":{"start":{"line":77,"column":17},"end":{"line":81,"column":6}},"27":{"start":{"line":82,"column":4},"end":{"line":82,"column":18}},"28":{"start":{"line":3,"column":0},"end":{"line":3,"column":24}}},"fnMap":{"0":{"name":"searchFn","decl":{"start":{"line":3,"column":24},"end":{"line":3,"column":32}},"loc":{"start":{"line":3,"column":68},"end":{"line":84,"column":1}}},"1":{"name":"(anonymous_1)","decl":{"start":{"line":24,"column":6},"end":{"line":24,"column":7}},"loc":{"start":{"line":25,"column":8},"end":{"line":26,"column":46}}},"2":{"name":"(anonymous_2)","decl":{"start":{"line":32,"column":32},"end":{"line":32,"column":33}},"loc":{"start":{"line":32,"column":71},"end":{"line":39,"column":5}}},"3":{"name":"(anonymous_3)","decl":{"start":{"line":41,"column":32},"end":{"line":41,"column":33}},"loc":{"start":{"line":41,"column":71},"end":{"line":46,"column":5}}},"4":{"name":"(anonymous_4)","decl":{"start":{"line":49,"column":61},"end":{"line":49,"column":62}},"loc":{"start":{"line":49,"column":75},"end":{"line":53,"column":4}}},"5":{"name":"(anonymous_5)","decl":{"start":{"line":56,"column":23},"end":{"line":56,"column":24}},"loc":{"start":{"line":56,"column":35},"end":{"line":73,"column":3}}},"6":{"name":"(anonymous_6)","decl":{"start":{"line":57,"column":26},"end":{"line":57,"column":27}},"loc":{"start":{"line":57,"column":39},"end":{"line":72,"column":5}}},"7":{"name":"(anonymous_7)","decl":{"start":{"line":60,"column":16},"end":{"line":60,"column":17}},"loc":{"start":{"line":60,"column":26},"end":{"line":60,"column":68}}},"8":{"name":"(anonymous_8)","decl":{"start":{"line":61,"column":15},"end":{"line":61,"column":16}},"loc":{"start":{"line":61,"column":25},"end":{"line":61,"column":54}}},"9":{"name":"(anonymous_9)","decl":{"start":{"line":76,"column":19},"end":{"line":76,"column":20}},"loc":{"start":{"line":76,"column":27},"end":{"line":83,"column":3}}}},"branchMap":{"0":{"loc":{"start":{"line":3,"column":47},"end":{"line":3,"column":57}},"type":"default-arg","locations":[{"start":{"line":3,"column":55},"end":{"line":3,"column":57}}]},"1":{"loc":{"start":{"line":3,"column":59},"end":{"line":3,"column":68}},"type":"default-arg","locations":[{"start":{"line":3,"column":66},"end":{"line":3,"column":68}}]},"2":{"loc":{"start":{"line":8,"column":2},"end":{"line":28,"column":null}},"type":"if","locations":[{"start":{"line":8,"column":2},"end":{"line":28,"column":null}}]},"3":{"loc":{"start":{"line":19,"column":4},"end":{"line":21,"column":null}},"type":"if","locations":[{"start":{"line":19,"column":4},"end":{"line":21,"column":null}}]},"4":{"loc":{"start":{"line":19,"column":8},"end":{"line":19,"column":31}},"type":"binary-expr","locations":[{"start":{"line":19,"column":8},"end":{"line":19,"column":18}},{"start":{"line":19,"column":22},"end":{"line":19,"column":31}}]},"5":{"loc":{"start":{"line":25,"column":8},"end":{"line":26,"column":46}},"type":"binary-expr","locations":[{"start":{"line":25,"column":8},"end":{"line":25,"column":48}},{"start":{"line":26,"column":8},"end":{"line":26,"column":46}}]},"6":{"loc":{"start":{"line":31,"column":2},"end":{"line":47,"column":null}},"type":"if","locations":[{"start":{"line":31,"column":2},"end":{"line":47,"column":null}},{"start":{"line":40,"column":9},"end":{"line":47,"column":null}}]},"7":{"loc":{"start":{"line":34,"column":8},"end":{"line":37,"column":49}},"type":"binary-expr","locations":[{"start":{"line":34,"column":8},"end":{"line":35,"column":48}},{"start":{"line":36,"column":8},"end":{"line":37,"column":49}}]},"8":{"loc":{"start":{"line":60,"column":26},"end":{"line":60,"column":68}},"type":"binary-expr","locations":[{"start":{"line":60,"column":26},"end":{"line":60,"column":45}},{"start":{"line":60,"column":49},"end":{"line":60,"column":68}}]}},"s":{"0":2,"1":22,"2":22,"3":10,"4":10,"5":10,"6":10,"7":4,"8":6,"9":666,"10":18,"11":18,"12":10,"13":550,"14":8,"15":888,"16":18,"17":540,"18":18,"19":8,"20":216,"21":432,"22":216,"23":216,"24":216,"25":18,"26":8,"27":8,"28":2},"f":{"0":22,"1":666,"2":550,"3":888,"4":540,"5":8,"6":216,"7":432,"8":216,"9":8},"b":{"0":[8],"1":[12],"2":[10],"3":[4],"4":[10,8],"5":[666,250],"6":[10,8],"7":[550,10],"8":[432,216]}}
,"/Users/decagon/Desktop/wisedrive node algorithm/dist/convertCsvToJson.js": {"path":"/Users/decagon/Desktop/wisedrive node algorithm/dist/convertCsvToJson.js","statementMap":{"0":{"start":{"line":2,"column":22},"end":{"line":8,"column":3}},"1":{"start":{"line":3,"column":4},"end":{"line":3,"column":33}},"2":{"start":{"line":3,"column":26},"end":{"line":3,"column":33}},"3":{"start":{"line":4,"column":4},"end":{"line":4,"column":89}},"4":{"start":{"line":4,"column":71},"end":{"line":4,"column":83}},"5":{"start":{"line":6,"column":4},"end":{"line":6,"column":33}},"6":{"start":{"line":6,"column":26},"end":{"line":6,"column":33}},"7":{"start":{"line":7,"column":4},"end":{"line":7,"column":17}},"8":{"start":{"line":9,"column":25},"end":{"line":13,"column":2}},"9":{"start":{"line":10,"column":4},"end":{"line":10,"column":72}},"10":{"start":{"line":12,"column":4},"end":{"line":12,"column":21}},"11":{"start":{"line":14,"column":19},"end":{"line":20,"column":1}},"12":{"start":{"line":15,"column":4},"end":{"line":15,"column":42}},"13":{"start":{"line":15,"column":31},"end":{"line":15,"column":42}},"14":{"start":{"line":16,"column":17},"end":{"line":16,"column":19}},"15":{"start":{"line":17,"column":4},"end":{"line":17,"column":141}},"16":{"start":{"line":17,"column":21},"end":{"line":17,"column":141}},"17":{"start":{"line":17,"column":40},"end":{"line":17,"column":141}},"18":{"start":{"line":17,"column":109},"end":{"line":17,"column":141}},"19":{"start":{"line":18,"column":4},"end":{"line":18,"column":36}},"20":{"start":{"line":19,"column":4},"end":{"line":19,"column":18}},"21":{"start":{"line":21,"column":0},"end":{"line":21,"column":62}},"22":{"start":{"line":22,"column":0},"end":{"line":22,"column":34}},"23":{"start":{"line":23,"column":11},"end":{"line":23,"column":38}},"24":{"start":{"line":27,"column":20},"end":{"line":27,"column":54}},"25":{"start":{"line":29,"column":18},"end":{"line":32,"column":31}},"26":{"start":{"line":32,"column":26},"end":{"line":32,"column":30}},"27":{"start":{"line":34,"column":19},"end":{"line":34,"column":69}},"28":{"start":{"line":34,"column":55},"end":{"line":34,"column":68}},"29":{"start":{"line":35,"column":27},"end":{"line":51,"column":6}},"30":{"start":{"line":36,"column":8},"end":{"line":50,"column":9}},"31":{"start":{"line":37,"column":26},"end":{"line":37,"column":41}},"32":{"start":{"line":38,"column":12},"end":{"line":42,"column":15}},"33":{"start":{"line":39,"column":26},"end":{"line":39,"column":63}},"34":{"start":{"line":40,"column":16},"end":{"line":40,"column":80}},"35":{"start":{"line":41,"column":16},"end":{"line":41,"column":34}},"36":{"start":{"line":43,"column":22},"end":{"line":45,"column":23}},"37":{"start":{"line":44,"column":32},"end":{"line":44,"column":75}},"38":{"start":{"line":46,"column":12},"end":{"line":46,"column":23}},"39":{"start":{"line":49,"column":12},"end":{"line":49,"column":42}},"40":{"start":{"line":52,"column":20},"end":{"line":54,"column":6}},"41":{"start":{"line":53,"column":8},"end":{"line":53,"column":106}},"42":{"start":{"line":53,"column":59},"end":{"line":53,"column":99}},"43":{"start":{"line":55,"column":4},"end":{"line":55,"column":19}},"44":{"start":{"line":57,"column":0},"end":{"line":57,"column":44}}},"fnMap":{"0":{"name":"(anonymous_0)","decl":{"start":{"line":2,"column":74},"end":{"line":2,"column":75}},"loc":{"start":{"line":2,"column":96},"end":{"line":5,"column":1}},"line":2},"1":{"name":"(anonymous_1)","decl":{"start":{"line":4,"column":58},"end":{"line":4,"column":59}},"loc":{"start":{"line":4,"column":69},"end":{"line":4,"column":85}},"line":4},"2":{"name":"(anonymous_2)","decl":{"start":{"line":5,"column":6},"end":{"line":5,"column":7}},"loc":{"start":{"line":5,"column":28},"end":{"line":8,"column":1}},"line":5},"3":{"name":"(anonymous_3)","decl":{"start":{"line":9,"column":80},"end":{"line":9,"column":81}},"loc":{"start":{"line":9,"column":95},"end":{"line":11,"column":1}},"line":9},"4":{"name":"(anonymous_4)","decl":{"start":{"line":11,"column":5},"end":{"line":11,"column":6}},"loc":{"start":{"line":11,"column":20},"end":{"line":13,"column":1}},"line":11},"5":{"name":"(anonymous_5)","decl":{"start":{"line":14,"column":50},"end":{"line":14,"column":51}},"loc":{"start":{"line":14,"column":65},"end":{"line":20,"column":1}},"line":14},"6":{"name":"convertCsvToJson","decl":{"start":{"line":25,"column":9},"end":{"line":25,"column":25}},"loc":{"start":{"line":25,"column":36},"end":{"line":56,"column":1}},"line":25},"7":{"name":"(anonymous_7)","decl":{"start":{"line":32,"column":16},"end":{"line":32,"column":17}},"loc":{"start":{"line":32,"column":26},"end":{"line":32,"column":30}},"line":32},"8":{"name":"(anonymous_8)","decl":{"start":{"line":34,"column":43},"end":{"line":34,"column":44}},"loc":{"start":{"line":34,"column":55},"end":{"line":34,"column":68}},"line":34},"9":{"name":"(anonymous_9)","decl":{"start":{"line":35,"column":37},"end":{"line":35,"column":38}},"loc":{"start":{"line":35,"column":47},"end":{"line":51,"column":5}},"line":35},"10":{"name":"(anonymous_10)","decl":{"start":{"line":38,"column":34},"end":{"line":38,"column":35}},"loc":{"start":{"line":38,"column":44},"end":{"line":42,"column":13}},"line":38},"11":{"name":"(anonymous_11)","decl":{"start":{"line":44,"column":21},"end":{"line":44,"column":22}},"loc":{"start":{"line":44,"column":32},"end":{"line":44,"column":75}},"line":44},"12":{"name":"(anonymous_12)","decl":{"start":{"line":52,"column":48},"end":{"line":52,"column":49}},"loc":{"start":{"line":52,"column":60},"end":{"line":54,"column":5}},"line":52},"13":{"name":"(anonymous_13)","decl":{"start":{"line":53,"column":29},"end":{"line":53,"column":30}},"loc":{"start":{"line":53,"column":59},"end":{"line":53,"column":99}},"line":53}},"branchMap":{"0":{"loc":{"start":{"line":2,"column":22},"end":{"line":8,"column":3}},"type":"binary-expr","locations":[{"start":{"line":2,"column":23},"end":{"line":2,"column":27}},{"start":{"line":2,"column":31},"end":{"line":2,"column":51}},{"start":{"line":2,"column":57},"end":{"line":8,"column":2}}],"line":2},"1":{"loc":{"start":{"line":2,"column":57},"end":{"line":8,"column":2}},"type":"cond-expr","locations":[{"start":{"line":2,"column":74},"end":{"line":5,"column":1}},{"start":{"line":5,"column":6},"end":{"line":8,"column":1}}],"line":2},"2":{"loc":{"start":{"line":3,"column":4},"end":{"line":3,"column":33}},"type":"if","locations":[{"start":{"line":3,"column":4},"end":{"line":3,"column":33}},{"start":{},"end":{}}],"line":3},"3":{"loc":{"start":{"line":6,"column":4},"end":{"line":6,"column":33}},"type":"if","locations":[{"start":{"line":6,"column":4},"end":{"line":6,"column":33}},{"start":{},"end":{}}],"line":6},"4":{"loc":{"start":{"line":9,"column":25},"end":{"line":13,"column":2}},"type":"binary-expr","locations":[{"start":{"line":9,"column":26},"end":{"line":9,"column":30}},{"start":{"line":9,"column":34},"end":{"line":9,"column":57}},{"start":{"line":9,"column":63},"end":{"line":13,"column":1}}],"line":9},"5":{"loc":{"start":{"line":9,"column":63},"end":{"line":13,"column":1}},"type":"cond-expr","locations":[{"start":{"line":9,"column":80},"end":{"line":11,"column":1}},{"start":{"line":11,"column":5},"end":{"line":13,"column":1}}],"line":9},"6":{"loc":{"start":{"line":14,"column":19},"end":{"line":20,"column":1}},"type":"binary-expr","locations":[{"start":{"line":14,"column":20},"end":{"line":14,"column":24}},{"start":{"line":14,"column":28},"end":{"line":14,"column":45}},{"start":{"line":14,"column":50},"end":{"line":20,"column":1}}],"line":14},"7":{"loc":{"start":{"line":15,"column":4},"end":{"line":15,"column":42}},"type":"if","locations":[{"start":{"line":15,"column":4},"end":{"line":15,"column":42}},{"start":{},"end":{}}],"line":15},"8":{"loc":{"start":{"line":15,"column":8},"end":{"line":15,"column":29}},"type":"binary-expr","locations":[{"start":{"line":15,"column":8},"end":{"line":15,"column":11}},{"start":{"line":15,"column":15},"end":{"line":15,"column":29}}],"line":15},"9":{"loc":{"start":{"line":17,"column":4},"end":{"line":17,"column":141}},"type":"if","locations":[{"start":{"line":17,"column":4},"end":{"line":17,"column":141}},{"start":{},"end":{}}],"line":17},"10":{"loc":{"start":{"line":17,"column":40},"end":{"line":17,"column":141}},"type":"if","locations":[{"start":{"line":17,"column":40},"end":{"line":17,"column":141}},{"start":{},"end":{}}],"line":17},"11":{"loc":{"start":{"line":17,"column":44},"end":{"line":17,"column":107}},"type":"binary-expr","locations":[{"start":{"line":17,"column":44},"end":{"line":17,"column":59}},{"start":{"line":17,"column":63},"end":{"line":17,"column":107}}],"line":17},"12":{"loc":{"start":{"line":36,"column":8},"end":{"line":50,"column":9}},"type":"if","locations":[{"start":{"line":36,"column":8},"end":{"line":50,"column":9}},{"start":{"line":48,"column":13},"end":{"line":50,"column":9}}],"line":36},"13":{"loc":{"start":{"line":39,"column":26},"end":{"line":39,"column":63}},"type":"cond-expr","locations":[{"start":{"line":39,"column":43},"end":{"line":39,"column":56}},{"start":{"line":39,"column":59},"end":{"line":39,"column":63}}],"line":39},"14":{"loc":{"start":{"line":40,"column":22},"end":{"line":40,"column":79}},"type":"cond-expr","locations":[{"start":{"line":40,"column":45},"end":{"line":40,"column":73}},{"start":{"line":40,"column":76},"end":{"line":40,"column":79}}],"line":40},"15":{"loc":{"start":{"line":44,"column":32},"end":{"line":44,"column":75}},"type":"cond-expr","locations":[{"start":{"line":44,"column":53},"end":{"line":44,"column":57}},{"start":{"line":44,"column":60},"end":{"line":44,"column":75}}],"line":44}},"s":{"0":1,"1":99,"2":99,"3":99,"4":20,"5":0,"6":0,"7":0,"8":1,"9":1,"10":0,"11":1,"12":1,"13":0,"14":1,"15":1,"16":1,"17":99,"18":99,"19":1,"20":1,"21":1,"22":1,"23":1,"24":20,"25":20,"26":1511,"27":20,"28":91,"29":20,"30":1511,"31":77,"32":77,"33":231,"34":231,"35":231,"36":77,"37":231,"38":77,"39":1434,"40":20,"41":1491,"42":7185,"43":20,"44":1},"f":{"0":99,"1":20,"2":0,"3":1,"4":0,"5":1,"6":20,"7":1511,"8":91,"9":1511,"10":231,"11":231,"12":1491,"13":7185},"b":{"0":[1,1,1],"1":[1,0],"2":[99,0],"3":[0,0],"4":[1,1,1],"5":[1,0],"6":[1,1,1],"7":[0,1],"8":[1,1],"9":[1,0],"10":[99,0],"11":[99,99],"12":[77,1434],"13":[77,154],"14":[77,154],"15":[77,154]},"inputSourceMap":null,"_coverageSchema":"1a1c01bbd47fc00a2c39e90264f33305004495a9","hash":"ac7e87a9820ae77797a3e492ba5b6ca379ab3b85"}
,"/Users/decagon/Desktop/wisedrive node algorithm/dist/searchFn.js": {"path":"/Users/decagon/Desktop/wisedrive node algorithm/dist/searchFn.js","statementMap":{"0":{"start":{"line":2,"column":0},"end":{"line":2,"column":62}},"1":{"start":{"line":3,"column":27},"end":{"line":3,"column":56}},"2":{"start":{"line":6,"column":23},"end":{"line":6,"column":84}},"3":{"start":{"line":9,"column":4},"end":{"line":23,"column":5}},"4":{"start":{"line":10,"column":8},"end":{"line":13,"column":23}},"5":{"start":{"line":15,"column":20},"end":{"line":15,"column":36}},"6":{"start":{"line":16,"column":8},"end":{"line":16,"column":14}},"7":{"start":{"line":17,"column":8},"end":{"line":19,"column":9}},"8":{"start":{"line":18,"column":12},"end":{"line":18,"column":34}},"9":{"start":{"line":21,"column":8},"end":{"line":22,"column":52}},"10":{"start":{"line":21,"column":56},"end":{"line":22,"column":50}},"11":{"start":{"line":24,"column":16},"end":{"line":24,"column":18}},"12":{"start":{"line":25,"column":4},"end":{"line":38,"column":5}},"13":{"start":{"line":26,"column":8},"end":{"line":31,"column":11}},"14":{"start":{"line":27,"column":12},"end":{"line":30,"column":61}},"15":{"start":{"line":34,"column":8},"end":{"line":37,"column":11}},"16":{"start":{"line":35,"column":12},"end":{"line":36,"column":56}},"17":{"start":{"line":39,"column":22},"end":{"line":43,"column":7}},"18":{"start":{"line":39,"column":101},"end":{"line":43,"column":5}},"19":{"start":{"line":45,"column":4},"end":{"line":58,"column":7}},"20":{"start":{"line":46,"column":8},"end":{"line":57,"column":11}},"21":{"start":{"line":47,"column":29},"end":{"line":50,"column":63}},"22":{"start":{"line":49,"column":34},"end":{"line":49,"column":76}},"23":{"start":{"line":50,"column":33},"end":{"line":50,"column":62}},"24":{"start":{"line":51,"column":31},"end":{"line":55,"column":26}},"25":{"start":{"line":56,"column":12},"end":{"line":56,"column":30}},"26":{"start":{"line":60,"column":4},"end":{"line":67,"column":7}},"27":{"start":{"line":61,"column":21},"end":{"line":65,"column":9}},"28":{"start":{"line":66,"column":8},"end":{"line":66,"column":22}},"29":{"start":{"line":69,"column":0},"end":{"line":69,"column":27}}},"fnMap":{"0":{"name":"searchFn","decl":{"start":{"line":4,"column":9},"end":{"line":4,"column":17}},"loc":{"start":{"line":4,"column":47},"end":{"line":68,"column":1}},"line":4},"1":{"name":"(anonymous_1)","decl":{"start":{"line":21,"column":43},"end":{"line":21,"column":44}},"loc":{"start":{"line":21,"column":56},"end":{"line":22,"column":50}},"line":21},"2":{"name":"(anonymous_2)","decl":{"start":{"line":26,"column":36},"end":{"line":26,"column":37}},"loc":{"start":{"line":26,"column":52},"end":{"line":31,"column":9}},"line":26},"3":{"name":"(anonymous_3)","decl":{"start":{"line":34,"column":36},"end":{"line":34,"column":37}},"loc":{"start":{"line":34,"column":52},"end":{"line":37,"column":9}},"line":34},"4":{"name":"(anonymous_4)","decl":{"start":{"line":39,"column":87},"end":{"line":39,"column":88}},"loc":{"start":{"line":39,"column":101},"end":{"line":43,"column":5}},"line":39},"5":{"name":"(anonymous_5)","decl":{"start":{"line":45,"column":25},"end":{"line":45,"column":26}},"loc":{"start":{"line":45,"column":38},"end":{"line":58,"column":5}},"line":45},"6":{"name":"(anonymous_6)","decl":{"start":{"line":46,"column":30},"end":{"line":46,"column":31}},"loc":{"start":{"line":46,"column":44},"end":{"line":57,"column":9}},"line":46},"7":{"name":"(anonymous_7)","decl":{"start":{"line":49,"column":24},"end":{"line":49,"column":25}},"loc":{"start":{"line":49,"column":34},"end":{"line":49,"column":76}},"line":49},"8":{"name":"(anonymous_8)","decl":{"start":{"line":50,"column":23},"end":{"line":50,"column":24}},"loc":{"start":{"line":50,"column":33},"end":{"line":50,"column":62}},"line":50},"9":{"name":"(anonymous_9)","decl":{"start":{"line":60,"column":21},"end":{"line":60,"column":22}},"loc":{"start":{"line":60,"column":30},"end":{"line":67,"column":5}},"line":60}},"branchMap":{"0":{"loc":{"start":{"line":4,"column":24},"end":{"line":4,"column":34}},"type":"default-arg","locations":[{"start":{"line":4,"column":32},"end":{"line":4,"column":34}}],"line":4},"1":{"loc":{"start":{"line":4,"column":36},"end":{"line":4,"column":45}},"type":"default-arg","locations":[{"start":{"line":4,"column":43},"end":{"line":4,"column":45}}],"line":4},"2":{"loc":{"start":{"line":9,"column":4},"end":{"line":23,"column":5}},"type":"if","locations":[{"start":{"line":9,"column":4},"end":{"line":23,"column":5}},{"start":{},"end":{}}],"line":9},"3":{"loc":{"start":{"line":17,"column":8},"end":{"line":19,"column":9}},"type":"if","locations":[{"start":{"line":17,"column":8},"end":{"line":19,"column":9}},{"start":{},"end":{}}],"line":17},"4":{"loc":{"start":{"line":17,"column":12},"end":{"line":17,"column":35}},"type":"binary-expr","locations":[{"start":{"line":17,"column":12},"end":{"line":17,"column":22}},{"start":{"line":17,"column":26},"end":{"line":17,"column":35}}],"line":17},"5":{"loc":{"start":{"line":21,"column":56},"end":{"line":22,"column":50}},"type":"binary-expr","locations":[{"start":{"line":21,"column":56},"end":{"line":21,"column":96}},{"start":{"line":22,"column":12},"end":{"line":22,"column":50}}],"line":21},"6":{"loc":{"start":{"line":25,"column":4},"end":{"line":38,"column":5}},"type":"if","locations":[{"start":{"line":25,"column":4},"end":{"line":38,"column":5}},{"start":{"line":33,"column":9},"end":{"line":38,"column":5}}],"line":25},"7":{"loc":{"start":{"line":27,"column":20},"end":{"line":30,"column":59}},"type":"binary-expr","locations":[{"start":{"line":27,"column":20},"end":{"line":28,"column":54}},{"start":{"line":29,"column":16},"end":{"line":30,"column":59}}],"line":27},"8":{"loc":{"start":{"line":49,"column":34},"end":{"line":49,"column":76}},"type":"binary-expr","locations":[{"start":{"line":49,"column":34},"end":{"line":49,"column":53}},{"start":{"line":49,"column":57},"end":{"line":49,"column":76}}],"line":49}},"s":{"0":1,"1":1,"2":11,"3":11,"4":5,"5":5,"6":5,"7":5,"8":2,"9":3,"10":333,"11":9,"12":9,"13":5,"14":275,"15":4,"16":444,"17":9,"18":270,"19":9,"20":4,"21":108,"22":216,"23":108,"24":108,"25":108,"26":9,"27":4,"28":4,"29":1},"f":{"0":11,"1":333,"2":275,"3":444,"4":270,"5":4,"6":108,"7":216,"8":108,"9":4},"b":{"0":[4],"1":[6],"2":[5,6],"3":[2,3],"4":[5,4],"5":[333,125],"6":[5,4],"7":[275,5],"8":[216,108]},"inputSourceMap":null,"_coverageSchema":"1a1c01bbd47fc00a2c39e90264f33305004495a9","hash":"ccb323796c792897369a094d2518a6cf88f47a41"}
}
