TN:
SF:src/convertCsvToJson.ts
FN:15,convertCsvToJson
FN:22,(anonymous_7)
FN:24,(anonymous_8)
FN:25,(anonymous_9)
FN:28,(anonymous_10)
FN:35,(anonymous_11)
FN:44,(anonymous_12)
FN:46,(anonymous_13)
FNF:8
FNH:8
FNDA:20,convertCsvToJson
FNDA:1511,(anonymous_7)
FNDA:91,(anonymous_8)
FNDA:1511,(anonymous_9)
FNDA:231,(anonymous_10)
FNDA:231,(anonymous_11)
FNDA:1491,(anonymous_12)
FNDA:7185,(anonymous_13)
DA:1,1
DA:15,1
DA:17,20
DA:19,20
DA:22,1511
DA:24,91
DA:25,20
DA:26,1511
DA:27,77
DA:28,77
DA:29,231
DA:30,231
DA:32,231
DA:34,77
DA:35,231
DA:38,77
DA:40,1434
DA:44,20
DA:45,1491
DA:46,7185
DA:51,20
LF:21
LH:21
BRDA:26,0,0,77
BRDA:26,0,1,1434
BRDA:29,1,0,77
BRDA:29,1,1,154
BRDA:30,2,0,77
BRDA:30,2,1,154
BRDA:35,3,0,77
BRDA:35,3,1,154
BRF:8
BRH:8
end_of_record
TN:
SF:src/searchFn.ts
FN:3,searchFn
FN:24,(anonymous_1)
FN:32,(anonymous_2)
FN:41,(anonymous_3)
FN:49,(anonymous_4)
FN:56,(anonymous_5)
FN:57,(anonymous_6)
FN:60,(anonymous_7)
FN:61,(anonymous_8)
FN:76,(anonymous_9)
FNF:10
FNH:10
FNDA:11,searchFn
FNDA:333,(anonymous_1)
FNDA:275,(anonymous_2)
FNDA:444,(anonymous_3)
FNDA:270,(anonymous_4)
FNDA:4,(anonymous_5)
FNDA:108,(anonymous_6)
FNDA:216,(anonymous_7)
FNDA:108,(anonymous_8)
FNDA:4,(anonymous_9)
DA:1,1
DA:3,1
DA:5,11
DA:8,11
DA:9,5
DA:17,5
DA:18,5
DA:19,5
DA:20,2
DA:23,3
DA:25,333
DA:30,9
DA:31,9
DA:32,5
DA:33,275
DA:41,4
DA:42,444
DA:49,270
DA:56,9
DA:57,4
DA:58,108
DA:60,216
DA:61,108
DA:63,108
DA:71,108
DA:76,9
DA:77,4
DA:82,4
LF:28
LH:28
BRDA:3,0,0,4
BRDA:3,1,0,6
BRDA:8,2,0,5
BRDA:19,3,0,2
BRDA:19,4,0,5
BRDA:19,4,1,4
BRDA:25,5,0,333
BRDA:25,5,1,125
BRDA:31,6,0,5
BRDA:31,6,1,4
BRDA:34,7,0,275
BRDA:34,7,1,5
BRDA:60,8,0,216
BRDA:60,8,1,108
BRF:14
BRH:14
end_of_record
