TN:
SF:convertCsvToJson.ts
FN:15,convertCsvToJson
FN:22,(anonymous_7)
FN:24,(anonymous_8)
FN:25,(anonymous_9)
FN:28,(anonymous_10)
FN:35,(anonymous_11)
FN:44,(anonymous_12)
FN:46,(anonymous_13)
FNF:8
FNH:8
FNDA:40,convertCsvToJson
FNDA:3022,(anonymous_7)
FNDA:182,(anonymous_8)
FNDA:3022,(anonymous_9)
FNDA:462,(anonymous_10)
FNDA:462,(anonymous_11)
FNDA:2982,(anonymous_12)
FNDA:14370,(anonymous_13)
DA:1,2
DA:15,2
DA:17,40
DA:19,40
DA:22,3022
DA:24,182
DA:25,40
DA:26,3022
DA:27,154
DA:28,154
DA:29,462
DA:30,462
DA:32,462
DA:34,154
DA:35,462
DA:38,154
DA:40,2868
DA:44,40
DA:45,2982
DA:46,14370
DA:51,40
LF:21
LH:21
BRDA:26,0,0,154
BRDA:26,0,1,2868
BRDA:29,1,0,154
BRDA:29,1,1,308
BRDA:30,2,0,154
BRDA:30,2,1,308
BRDA:35,3,0,154
BRDA:35,3,1,308
BRF:8
BRH:8
end_of_record
TN:
SF:searchFn.ts
FN:3,searchFn
FN:24,(anonymous_1)
FN:32,(anonymous_2)
FN:41,(anonymous_3)
FN:49,(anonymous_4)
FN:56,(anonymous_5)
FN:57,(anonymous_6)
FN:60,(anonymous_7)
FN:61,(anonymous_8)
FN:76,(anonymous_9)
FNF:10
FNH:10
FNDA:22,searchFn
FNDA:666,(anonymous_1)
FNDA:550,(anonymous_2)
FNDA:888,(anonymous_3)
FNDA:540,(anonymous_4)
FNDA:8,(anonymous_5)
FNDA:216,(anonymous_6)
FNDA:432,(anonymous_7)
FNDA:216,(anonymous_8)
FNDA:8,(anonymous_9)
DA:1,2
DA:3,2
DA:5,22
DA:8,22
DA:9,10
DA:17,10
DA:18,10
DA:19,10
DA:20,4
DA:23,6
DA:25,666
DA:30,18
DA:31,18
DA:32,10
DA:33,550
DA:41,8
DA:42,888
DA:49,540
DA:56,18
DA:57,8
DA:58,216
DA:60,432
DA:61,216
DA:63,216
DA:71,216
DA:76,18
DA:77,8
DA:82,8
LF:28
LH:28
BRDA:3,0,0,8
BRDA:3,1,0,12
BRDA:8,2,0,10
BRDA:19,3,0,4
BRDA:19,4,0,10
BRDA:19,4,1,8
BRDA:25,5,0,666
BRDA:25,5,1,250
BRDA:31,6,0,10
BRDA:31,6,1,8
BRDA:34,7,0,550
BRDA:34,7,1,10
BRDA:60,8,0,432
BRDA:60,8,1,216
BRF:14
BRH:14
end_of_record
TN:
SF:dist/convertCsvToJson.js
FN:2,(anonymous_0)
FN:4,(anonymous_1)
FN:5,(anonymous_2)
FN:9,(anonymous_3)
FN:11,(anonymous_4)
FN:14,(anonymous_5)
FN:25,convertCsvToJson
FN:32,(anonymous_7)
FN:34,(anonymous_8)
FN:35,(anonymous_9)
FN:38,(anonymous_10)
FN:44,(anonymous_11)
FN:52,(anonymous_12)
FN:53,(anonymous_13)
FNF:14
FNH:12
FNDA:99,(anonymous_0)
FNDA:20,(anonymous_1)
FNDA:0,(anonymous_2)
FNDA:1,(anonymous_3)
FNDA:0,(anonymous_4)
FNDA:1,(anonymous_5)
FNDA:20,convertCsvToJson
FNDA:1511,(anonymous_7)
FNDA:91,(anonymous_8)
FNDA:1511,(anonymous_9)
FNDA:231,(anonymous_10)
FNDA:231,(anonymous_11)
FNDA:1491,(anonymous_12)
FNDA:7185,(anonymous_13)
DA:2,1
DA:3,99
DA:4,99
DA:6,0
DA:7,0
DA:9,1
DA:10,1
DA:12,0
DA:14,1
DA:15,1
DA:16,1
DA:17,99
DA:18,1
DA:19,1
DA:21,1
DA:22,1
DA:23,1
DA:27,20
DA:29,20
DA:32,1511
DA:34,91
DA:35,20
DA:36,1511
DA:37,77
DA:38,77
DA:39,231
DA:40,231
DA:41,231
DA:43,77
DA:44,231
DA:46,77
DA:49,1434
DA:52,20
DA:53,7185
DA:55,20
DA:57,1
LF:36
LH:33
BRDA:2,0,0,1
BRDA:2,0,1,1
BRDA:2,0,2,1
BRDA:2,1,0,1
BRDA:2,1,1,0
BRDA:3,2,0,99
BRDA:3,2,1,0
BRDA:6,3,0,0
BRDA:6,3,1,0
BRDA:9,4,0,1
BRDA:9,4,1,1
BRDA:9,4,2,1
BRDA:9,5,0,1
BRDA:9,5,1,0
BRDA:14,6,0,1
BRDA:14,6,1,1
BRDA:14,6,2,1
BRDA:15,7,0,0
BRDA:15,7,1,1
BRDA:15,8,0,1
BRDA:15,8,1,1
BRDA:17,9,0,1
BRDA:17,9,1,0
BRDA:17,10,0,99
BRDA:17,10,1,0
BRDA:17,11,0,99
BRDA:17,11,1,99
BRDA:36,12,0,77
BRDA:36,12,1,1434
BRDA:39,13,0,77
BRDA:39,13,1,154
BRDA:40,14,0,77
BRDA:40,14,1,154
BRDA:44,15,0,77
BRDA:44,15,1,154
BRF:35
BRH:27
end_of_record
TN:
SF:dist/searchFn.js
FN:4,searchFn
FN:21,(anonymous_1)
FN:26,(anonymous_2)
FN:34,(anonymous_3)
FN:39,(anonymous_4)
FN:45,(anonymous_5)
FN:46,(anonymous_6)
FN:49,(anonymous_7)
FN:50,(anonymous_8)
FN:60,(anonymous_9)
FNF:10
FNH:10
FNDA:11,searchFn
FNDA:333,(anonymous_1)
FNDA:275,(anonymous_2)
FNDA:444,(anonymous_3)
FNDA:270,(anonymous_4)
FNDA:4,(anonymous_5)
FNDA:108,(anonymous_6)
FNDA:216,(anonymous_7)
FNDA:108,(anonymous_8)
FNDA:4,(anonymous_9)
DA:2,1
DA:3,1
DA:6,11
DA:9,11
DA:10,5
DA:15,5
DA:16,5
DA:17,5
DA:18,2
DA:21,333
DA:24,9
DA:25,9
DA:26,5
DA:27,275
DA:34,4
DA:35,444
DA:39,270
DA:45,9
DA:46,4
DA:47,108
DA:49,216
DA:50,108
DA:51,108
DA:56,108
DA:60,9
DA:61,4
DA:66,4
DA:69,1
LF:28
LH:28
BRDA:4,0,0,4
BRDA:4,1,0,6
BRDA:9,2,0,5
BRDA:9,2,1,6
BRDA:17,3,0,2
BRDA:17,3,1,3
BRDA:17,4,0,5
BRDA:17,4,1,4
BRDA:21,5,0,333
BRDA:21,5,1,125
BRDA:25,6,0,5
BRDA:25,6,1,4
BRDA:27,7,0,275
BRDA:27,7,1,5
BRDA:49,8,0,216
BRDA:49,8,1,108
BRF:16
BRH:16
end_of_record
